2024-04-12T17:05:01:INFO: { "OS": "Windows", "video_adapter_driver_info": ["", ""], "screen_size": (1920, 1080), "screen_dpi": 120, "screen_scale": 1, "cores": 12, "locale": "en_US" }
2024-04-12T17:05:01:INFO: [step_commands: 0]
Godot Engine v4.2.1.stable.official (c) 2007-present Juan Linietsky, Ariel Manzur & Godot Contributors.
--- Debug adapter server started ---
--- GDScript language server started on port 6005 ---

2024-04-12T17:05:01:INFO: [step_commands: 1]
Godot Engine v4.2.1.stable.official (c) 2007-present Juan Linietsky, Ariel Manzur & Godot Contributors.
--- Debug adapter server started ---
--- GDScript language server started on port 6005 ---

2024-04-12T17:05:03:INFO: [step_commands: 2]
Godot Engine v4.2.1.stable.official (c) 2007-present Juan Linietsky, Ariel Manzur & Godot Contributors.
--- Debug adapter server started ---
--- GDScript language server started on port 6005 ---

2024-04-12T17:05:05:INFO: [step_commands: 3]
Godot Engine v4.2.1.stable.official (c) 2007-present Juan Linietsky, Ariel Manzur & Godot Contributors.
--- Debug adapter server started ---
--- GDScript language server started on port 6005 ---
  editor/plugins/asset_library_editor_plugin.cpp:861 - Error getting image file from URL: https://raw.githubusercontent.com/Tameno-01/godot-modular-camera-addon/main/Images/thumbnail.png

2024-04-12T17:05:14:INFO: [step_commands: 4]
Godot Engine v4.2.1.stable.official (c) 2007-present Juan Linietsky, Ariel Manzur & Godot Contributors.
--- Debug adapter server started ---
--- GDScript language server started on port 6005 ---
  editor/plugins/asset_library_editor_plugin.cpp:861 - Error getting image file from URL: https://raw.githubusercontent.com/Tameno-01/godot-modular-camera-addon/main/Images/thumbnail.png
  scene/main/node.cpp:1529 - Index p_index = 0 is out of bounds ((int)data.children_cache.size() - data.internal_children_front_count_cache - data.internal_children_back_count_cache = 0).
  scene/main/node.cpp:1529 - Index p_index = 0 is out of bounds ((int)data.children_cache.size() - data.internal_children_front_count_cache - data.internal_children_back_count_cache = 0).
  scene/main/node.cpp:1529 - Index p_index = 0 is out of bounds ((int)data.children_cache.size() - data.internal_children_front_count_cache - data.internal_children_back_count_cache = 0).
  scene/main/node.cpp:1529 - Index p_index = 0 is out of bounds ((int)data.children_cache.size() - data.internal_children_front_count_cache - data.internal_children_back_count_cache = 0).
  scene/main/node.cpp:1529 - Index p_index = 0 is out of bounds ((int)data.children_cache.size() - data.internal_children_front_count_cache - data.internal_children_back_count_cache = 0).
  scene/main/node.cpp:1529 - Index p_index = 0 is out of bounds ((int)data.children_cache.size() - data.internal_children_front_count_cache - data.internal_children_back_count_cache = 0).
  scene/main/node.cpp:1529 - Index p_index = 0 is out of bounds ((int)data.children_cache.size() - data.internal_children_front_count_cache - data.internal_children_back_count_cache = 0).
  scene/main/node.cpp:1529 - Index p_index = 0 is out of bounds ((int)data.children_cache.size() - data.internal_children_front_count_cache - data.internal_children_back_count_cache = 0).
  scene/main/node.cpp:1529 - Index p_index = 0 is out of bounds ((int)data.children_cache.size() - data.internal_children_front_count_cache - data.internal_children_back_count_cache = 0).
  scene/main/node.cpp:1529 - Index p_index = 0 is out of bounds ((int)data.children_cache.size() - data.internal_children_front_count_cache - data.internal_children_back_count_cache = 0).
  scene/main/node.cpp:1529 - Index p_index = 0 is out of bounds ((int)data.children_cache.size() - data.internal_children_front_count_cache - data.internal_children_back_count_cache = 0).
  scene/main/node.cpp:1529 - Index p_index = 0 is out of bounds ((int)data.children_cache.size() - data.internal_children_front_count_cache - data.internal_children_back_count_cache = 0).
  scene/main/node.cpp:1529 - Index p_index = 0 is out of bounds ((int)data.children_cache.size() - data.internal_children_front_count_cache - data.internal_children_back_count_cache = 0).
  scene/main/node.cpp:1529 - Index p_index = 0 is out of bounds ((int)data.children_cache.size() - data.internal_children_front_count_cache - data.internal_children_back_count_cache = 0).
  scene/main/node.cpp:1529 - Index p_index = 0 is out of bounds ((int)data.children_cache.size() - data.internal_children_front_count_cache - data.internal_children_back_count_cache = 0).
  scene/main/node.cpp:1529 - Index p_index = 0 is out of bounds ((int)data.children_cache.size() - data.internal_children_front_count_cache - data.internal_children_back_count_cache = 0).
  scene/main/node.cpp:1529 - Index p_index = 0 is out of bounds ((int)data.children_cache.size() - data.internal_children_front_count_cache - data.internal_children_back_count_cache = 0).
  scene/main/node.cpp:1529 - Index p_index = 0 is out of bounds ((int)data.children_cache.size() - data.internal_children_front_count_cache - data.internal_children_back_count_cache = 0).
  scene/main/node.cpp:1529 - Index p_index = 0 is out of bounds ((int)data.children_cache.size() - data.internal_children_front_count_cache - data.internal_children_back_count_cache = 0).
  scene/main/node.cpp:1529 - Index p_index = 0 is out of bounds ((int)data.children_cache.size() - data.internal_children_front_count_cache - data.internal_children_back_count_cache = 0).
  scene/main/node.cpp:1529 - Index p_index = 0 is out of bounds ((int)data.children_cache.size() - data.internal_children_front_count_cache - data.internal_children_back_count_cache = 0).
  scene/main/node.cpp:1529 - Index p_index = 0 is out of bounds ((int)data.children_cache.size() - data.internal_children_front_count_cache - data.internal_children_back_count_cache = 0).
  scene/main/node.cpp:1529 - Index p_index = 0 is out of bounds ((int)data.children_cache.size() - data.internal_children_front_count_cache - data.internal_children_back_count_cache = 0).
  scene/main/node.cpp:1529 - Index p_index = 0 is out of bounds ((int)data.children_cache.size() - data.internal_children_front_count_cache - data.internal_children_back_count_cache = 0).
  scene/main/node.cpp:1529 - Index p_index = 0 is out of bounds ((int)data.children_cache.size() - data.internal_children_front_count_cache - data.internal_children_back_count_cache = 0).
  scene/main/node.cpp:1529 - Index p_index = 0 is out of bounds ((int)data.children_cache.size() - data.internal_children_front_count_cache - data.internal_children_back_count_cache = 0).
  scene/main/node.cpp:1529 - Index p_index = 0 is out of bounds ((int)data.children_cache.size() - data.internal_children_front_count_cache - data.internal_children_back_count_cache = 0).
  scene/main/node.cpp:1529 - Index p_index = 0 is out of bounds ((int)data.children_cache.size() - data.internal_children_front_count_cache - data.internal_children_back_count_cache = 0).
  scene/main/node.cpp:1529 - Index p_index = 0 is out of bounds ((int)data.children_cache.size() - data.internal_children_front_count_cache - data.internal_children_back_count_cache = 0).
  scene/main/node.cpp:1529 - Index p_index = 0 is out of bounds ((int)data.children_cache.size() - data.internal_children_front_count_cache - data.internal_children_back_count_cache = 0).
  scene/main/node.cpp:1529 - Index p_index = 0 is out of bounds ((int)data.children_cache.size() - data.internal_children_front_count_cache - data.internal_children_back_count_cache = 0).
  scene/main/node.cpp:1529 - Index p_index = 0 is out of bounds ((int)data.children_cache.size() - data.internal_children_front_count_cache - data.internal_children_back_count_cache = 0).
  scene/main/node.cpp:1529 - Index p_index = 0 is out of bounds ((int)data.children_cache.size() - data.internal_children_front_count_cache - data.internal_children_back_count_cache = 0).
  scene/main/node.cpp:1529 - Index p_index = 0 is out of bounds ((int)data.children_cache.size() - data.internal_children_front_count_cache - data.internal_children_back_count_cache = 0).
  scene/main/node.cpp:1529 - Index p_index = 0 is out of bounds ((int)data.children_cache.size() - data.internal_children_front_count_cache - data.internal_children_back_count_cache = 0).
  scene/main/node.cpp:1529 - Index p_index = 0 is out of bounds ((int)data.children_cache.size() - data.internal_children_front_count_cache - data.internal_children_back_count_cache = 0).
  scene/main/node.cpp:1529 - Index p_index = 0 is out of bounds ((int)data.children_cache.size() - data.internal_children_front_count_cache - data.internal_children_back_count_cache = 0).
  scene/main/node.cpp:1529 - Index p_index = 0 is out of bounds ((int)data.children_cache.size() - data.internal_children_front_count_cache - data.internal_children_back_count_cache = 0).
  scene/main/node.cpp:1529 - Index p_index = 0 is out of bounds ((int)data.children_cache.size() - data.internal_children_front_count_cache - data.internal_children_back_count_cache = 0).
  scene/main/node.cpp:1529 - Index p_index = 0 is out of bounds ((int)data.children_cache.size() - data.internal_children_front_count_cache - data.internal_children_back_count_cache = 0).
  scene/main/node.cpp:1529 - Index p_index = 0 is out of bounds ((int)data.children_cache.size() - data.internal_children_front_count_cache - data.internal_children_back_count_cache = 0).
  scene/main/node.cpp:1529 - Index p_index = 0 is out of bounds ((int)data.children_cache.size() - data.internal_children_front_count_cache - data.internal_children_back_count_cache = 0).
  scene/main/node.cpp:1529 - Index p_index = 0 is out of bounds ((int)data.children_cache.size() - data.internal_children_front_count_cache - data.internal_children_back_count_cache = 0).
  scene/main/node.cpp:1529 - Index p_index = 0 is out of bounds ((int)data.children_cache.size() - data.internal_children_front_count_cache - data.internal_children_back_count_cache = 0).
  scene/main/node.cpp:1529 - Index p_index = 0 is out of bounds ((int)data.children_cache.size() - data.internal_children_front_count_cache - data.internal_children_back_count_cache = 0).
  scene/main/node.cpp:1529 - Index p_index = 0 is out of bounds ((int)data.children_cache.size() - data.internal_children_front_count_cache - data.internal_children_back_count_cache = 0).
  scene/main/node.cpp:1529 - Index p_index = 0 is out of bounds ((int)data.children_cache.size() - data.internal_children_front_count_cache - data.internal_children_back_count_cache = 0).
  scene/main/node.cpp:1529 - Index p_index = 0 is out of bounds ((int)data.children_cache.size() - data.internal_children_front_count_cache - data.internal_children_back_count_cache = 0).
  scene/main/node.cpp:1529 - Index p_index = 0 is out of bounds ((int)data.children_cache.size() - data.internal_children_front_count_cache - data.internal_children_back_count_cache = 0).
  scene/main/node.cpp:1529 - Index p_index = 0 is out of bounds ((int)data.children_cache.size() - data.internal_children_front_count_cache - data.internal_children_back_count_cache = 0).
  scene/main/node.cpp:1529 - Index p_index = 0 is out of bounds ((int)data.children_cache.size() - data.internal_children_front_count_cache - data.internal_children_back_count_cache = 0).
  scene/main/node.cpp:1529 - Index p_index = 0 is out of bounds ((int)data.children_cache.size() - data.internal_children_front_count_cache - data.internal_children_back_count_cache = 0).
  scene/main/node.cpp:1529 - Index p_index = 0 is out of bounds ((int)data.children_cache.size() - data.internal_children_front_count_cache - data.internal_children_back_count_cache = 0).
  scene/main/node.cpp:1529 - Index p_index = 0 is out of bounds ((int)data.children_cache.size() - data.internal_children_front_count_cache - data.internal_children_back_count_cache = 0).
  scene/main/node.cpp:1529 - Index p_index = 0 is out of bounds ((int)data.children_cache.size() - data.internal_children_front_count_cache - data.internal_children_back_count_cache = 0).
  scene/main/node.cpp:1529 - Index p_index = 0 is out of bounds ((int)data.children_cache.size() - data.internal_children_front_count_cache - data.internal_children_back_count_cache = 0).
  scene/main/node.cpp:1529 - Index p_index = 0 is out of bounds ((int)data.children_cache.size() - data.internal_children_front_count_cache - data.internal_children_back_count_cache = 0).
  scene/main/node.cpp:1529 - Index p_index = 0 is out of bounds ((int)data.children_cache.size() - data.internal_children_front_count_cache - data.internal_children_back_count_cache = 0).
  scene/main/node.cpp:1529 - Index p_index = 0 is out of bounds ((int)data.children_cache.size() - data.internal_children_front_count_cache - data.internal_children_back_count_cache = 0).
  scene/main/node.cpp:1529 - Index p_index = 0 is out of bounds ((int)data.children_cache.size() - data.internal_children_front_count_cache - data.internal_children_back_count_cache = 0).
  scene/main/node.cpp:1529 - Index p_index = 0 is out of bounds ((int)data.children_cache.size() - data.internal_children_front_count_cache - data.internal_children_back_count_cache = 0).
  scene/main/node.cpp:1529 - Index p_index = 0 is out of bounds ((int)data.children_cache.size() - data.internal_children_front_count_cache - data.internal_children_back_count_cache = 0).
  scene/main/node.cpp:1529 - Index p_index = 0 is out of bounds ((int)data.children_cache.size() - data.internal_children_front_count_cache - data.internal_children_back_count_cache = 0).
  scene/main/node.cpp:1529 - Index p_index = 0 is out of bounds ((int)data.children_cache.size() - data.internal_children_front_count_cache - data.internal_children_back_count_cache = 0).
  scene/main/node.cpp:1529 - Index p_index = 0 is out of bounds ((int)data.children_cache.size() - data.internal_children_front_count_cache - data.internal_children_back_count_cache = 0).
  scene/main/node.cpp:1529 - Index p_index = 0 is out of bounds ((int)data.children_cache.size() - data.internal_children_front_count_cache - data.internal_children_back_count_cache = 0).
  scene/main/node.cpp:1529 - Index p_index = 0 is out of bounds ((int)data.children_cache.size() - data.internal_children_front_count_cache - data.internal_children_back_count_cache = 0).
  scene/main/node.cpp:1529 - Index p_index = 0 is out of bounds ((int)data.children_cache.size() - data.internal_children_front_count_cache - data.internal_children_back_count_cache = 0).
  scene/main/node.cpp:1529 - Index p_index = 0 is out of bounds ((int)data.children_cache.size() - data.internal_children_front_count_cache - data.internal_children_back_count_cache = 0).
  scene/main/node.cpp:1529 - Index p_index = 0 is out of bounds ((int)data.children_cache.size() - data.internal_children_front_count_cache - data.internal_children_back_count_cache = 0).
  scene/main/node.cpp:1529 - Index p_index = 0 is out of bounds ((int)data.children_cache.size() - data.internal_children_front_count_cache - data.internal_children_back_count_cache = 0).
  scene/main/node.cpp:1529 - Index p_index = 0 is out of bounds ((int)data.children_cache.size() - data.internal_children_front_count_cache - data.internal_children_back_count_cache = 0).
  scene/main/node.cpp:1529 - Index p_index = 0 is out of bounds ((int)data.children_cache.size() - data.internal_children_front_count_cache - data.internal_children_back_count_cache = 0).
  scene/main/node.cpp:1529 - Index p_index = 0 is out of bounds ((int)data.children_cache.size() - data.internal_children_front_count_cache - data.internal_children_back_count_cache = 0).
  scene/main/node.cpp:1529 - Index p_index = 0 is out of bounds ((int)data.children_cache.size() - data.internal_children_front_count_cache - data.internal_children_back_count_cache = 0).
  scene/main/node.cpp:1529 - Index p_index = 0 is out of bounds ((int)data.children_cache.size() - data.internal_children_front_count_cache - data.internal_children_back_count_cache = 0).
  scene/main/node.cpp:1529 - Index p_index = 0 is out of bounds ((int)data.children_cache.size() - data.internal_children_front_count_cache - data.internal_children_back_count_cache = 0).
  scene/main/node.cpp:1529 - Index p_index = 0 is out of bounds ((int)data.children_cache.size() - data.internal_children_front_count_cache - data.internal_children_back_count_cache = 0).
  scene/main/node.cpp:1529 - Index p_index = 0 is out of bounds ((int)data.children_cache.size() - data.internal_children_front_count_cache - data.internal_children_back_count_cache = 0).
  scene/main/node.cpp:1529 - Index p_index = 0 is out of bounds ((int)data.children_cache.size() - data.internal_children_front_count_cache - data.internal_children_back_count_cache = 0).
  scene/main/node.cpp:1529 - Index p_index = 0 is out of bounds ((int)data.children_cache.size() - data.internal_children_front_count_cache - data.internal_children_back_count_cache = 0).
  scene/main/node.cpp:1529 - Index p_index = 0 is out of bounds ((int)data.children_cache.size() - data.internal_children_front_count_cache - data.internal_children_back_count_cache = 0).
  scene/main/node.cpp:1529 - Index p_index = 0 is out of bounds ((int)data.children_cache.size() - data.internal_children_front_count_cache - data.internal_children_back_count_cache = 0).
  scene/main/node.cpp:1529 - Index p_index = 0 is out of bounds ((int)data.children_cache.size() - data.internal_children_front_count_cache - data.internal_children_back_count_cache = 0).
  scene/main/node.cpp:1529 - Index p_index = 0 is out of bounds ((int)data.children_cache.size() - data.internal_children_front_count_cache - data.internal_children_back_count_cache = 0).
  scene/main/node.cpp:1529 - Index p_index = 0 is out of bounds ((int)data.children_cache.size() - data.internal_children_front_count_cache - data.internal_children_back_count_cache = 0).
  scene/main/node.cpp:1529 - Index p_index = 0 is out of bounds ((int)data.children_cache.size() - data.internal_children_front_count_cache - data.internal_children_back_count_cache = 0).
  scene/main/node.cpp:1529 - Index p_index = 0 is out of bounds ((int)data.children_cache.size() - data.internal_children_front_count_cache - data.internal_children_back_count_cache = 0).
  scene/main/node.cpp:1529 - Index p_index = 0 is out of bounds ((int)data.children_cache.size() - data.internal_children_front_count_cache - data.internal_children_back_count_cache = 0).
  scene/main/node.cpp:1529 - Index p_index = 0 is out of bounds ((int)data.children_cache.size() - data.internal_children_front_count_cache - data.internal_children_back_count_cache = 0).
  scene/main/node.cpp:1529 - Index p_index = 0 is out of bounds ((int)data.children_cache.size() - data.internal_children_front_count_cache - data.internal_children_back_count_cache = 0).
  scene/main/node.cpp:1529 - Index p_index = 0 is out of bounds ((int)data.children_cache.size() - data.internal_children_front_count_cache - data.internal_children_back_count_cache = 0).
  scene/main/node.cpp:1529 - Index p_index = 0 is out of bounds ((int)data.children_cache.size() - data.internal_children_front_count_cache - data.internal_children_back_count_cache = 0).
  scene/main/node.cpp:1529 - Index p_index = 0 is out of bounds ((int)data.children_cache.size() - data.internal_children_front_count_cache - data.internal_children_back_count_cache = 0).
  scene/main/node.cpp:1529 - Index p_index = 0 is out of bounds ((int)data.children_cache.size() - data.internal_children_front_count_cache - data.internal_children_back_count_cache = 0).
  scene/main/node.cpp:1529 - Index p_index = 0 is out of bounds ((int)data.children_cache.size() - data.internal_children_front_count_cache - data.internal_children_back_count_cache = 0).
  scene/main/node.cpp:1529 - Index p_index = 0 is out of bounds ((int)data.children_cache.size() - data.internal_children_front_count_cache - data.internal_children_back_count_cache = 0).
  scene/main/node.cpp:1529 - Index p_index = 0 is out of bounds ((int)data.children_cache.size() - data.internal_children_front_count_cache - data.internal_children_back_count_cache = 0).
  scene/main/node.cpp:1529 - Index p_index = 0 is out of bounds ((int)data.children_cache.size() - data.internal_children_front_count_cache - data.internal_children_back_count_cache = 0).
  scene/main/node.cpp:1529 - Index p_index = 0 is out of bounds ((int)data.children_cache.size() - data.internal_children_front_count_cache - data.internal_children_back_count_cache = 0).
  scene/main/node.cpp:1529 - Index p_index = 0 is out of bounds ((int)data.children_cache.size() - data.internal_children_front_count_cache - data.internal_children_back_count_cache = 0).
  scene/main/node.cpp:1529 - Index p_index = 0 is out of bounds ((int)data.children_cache.size() - data.internal_children_front_count_cache - data.internal_children_back_count_cache = 0).
  scene/main/node.cpp:1529 - Index p_index = 0 is out of bounds ((int)data.children_cache.size() - data.internal_children_front_count_cache - data.internal_children_back_count_cache = 0).
  scene/main/node.cpp:1529 - Index p_index = 0 is out of bounds ((int)data.children_cache.size() - data.internal_children_front_count_cache - data.internal_children_back_count_cache = 0).
  scene/main/node.cpp:1529 - Index p_index = 0 is out of bounds ((int)data.children_cache.size() - data.internal_children_front_count_cache - data.internal_children_back_count_cache = 0).
  scene/main/node.cpp:1529 - Index p_index = 0 is out of bounds ((int)data.children_cache.size() - data.internal_children_front_count_cache - data.internal_children_back_count_cache = 0).
  scene/main/node.cpp:1529 - Index p_index = 0 is out of bounds ((int)data.children_cache.size() - data.internal_children_front_count_cache - data.internal_children_back_count_cache = 0).
  scene/main/node.cpp:1529 - Index p_index = 0 is out of bounds ((int)data.children_cache.size() - data.internal_children_front_count_cache - data.internal_children_back_count_cache = 0).
  scene/main/node.cpp:1529 - Index p_index = 0 is out of bounds ((int)data.children_cache.size() - data.internal_children_front_count_cache - data.internal_children_back_count_cache = 0).
  scene/main/node.cpp:1529 - Index p_index = 0 is out of bounds ((int)data.children_cache.size() - data.internal_children_front_count_cache - data.internal_children_back_count_cache = 0).
  scene/main/node.cpp:1529 - Index p_index = 0 is out of bounds ((int)data.children_cache.size() - data.internal_children_front_count_cache - data.internal_children_back_count_cache = 0).
  scene/main/node.cpp:1529 - Index p_index = 0 is out of bounds ((int)data.children_cache.size() - data.internal_children_front_count_cache - data.internal_children_back_count_cache = 0).
  scene/main/node.cpp:1529 - Index p_index = 0 is out of bounds ((int)data.children_cache.size() - data.internal_children_front_count_cache - data.internal_children_back_count_cache = 0).
  scene/main/node.cpp:1529 - Index p_index = 0 is out of bounds ((int)data.children_cache.size() - data.internal_children_front_count_cache - data.internal_children_back_count_cache = 0).
  scene/main/node.cpp:1529 - Index p_index = 0 is out of bounds ((int)data.children_cache.size() - data.internal_children_front_count_cache - data.internal_children_back_count_cache = 0).
  scene/main/node.cpp:1529 - Index p_index = 0 is out of bounds ((int)data.children_cache.size() - data.internal_children_front_count_cache - data.internal_children_back_count_cache = 0).
  scene/main/node.cpp:1529 - Index p_index = 0 is out of bounds ((int)data.children_cache.size() - data.internal_children_front_count_cache - data.internal_children_back_count_cache = 0).
  scene/main/node.cpp:1529 - Index p_index = 0 is out of bounds ((int)data.children_cache.size() - data.internal_children_front_count_cache - data.internal_children_back_count_cache = 0).
  scene/main/node.cpp:1529 - Index p_index = 0 is out of bounds ((int)data.children_cache.size() - data.internal_children_front_count_cache - data.internal_children_back_count_cache = 0).
  scene/main/node.cpp:1529 - Index p_index = 0 is out of bounds ((int)data.children_cache.size() - data.internal_children_front_count_cache - data.internal_children_back_count_cache = 0).
  scene/main/node.cpp:1529 - Index p_index = 0 is out of bounds ((int)data.children_cache.size() - data.internal_children_front_count_cache - data.internal_children_back_count_cache = 0).
  scene/main/node.cpp:1529 - Index p_index = 0 is out of bounds ((int)data.children_cache.size() - data.internal_children_front_count_cache - data.internal_children_back_count_cache = 0).
  scene/main/node.cpp:1529 - Index p_index = 0 is out of bounds ((int)data.children_cache.size() - data.internal_children_front_count_cache - data.internal_children_back_count_cache = 0).
  scene/main/node.cpp:1529 - Index p_index = 0 is out of bounds ((int)data.children_cache.size() - data.internal_children_front_count_cache - data.internal_children_back_count_cache = 0).
  scene/main/node.cpp:1529 - Index p_index = 0 is out of bounds ((int)data.children_cache.size() - data.internal_children_front_count_cache - data.internal_children_back_count_cache = 0).
  scene/main/node.cpp:1529 - Index p_index = 0 is out of bounds ((int)data.children_cache.size() - data.internal_children_front_count_cache - data.internal_children_back_count_cache = 0).
  scene/main/node.cpp:1529 - Index p_index = 0 is out of bounds ((int)data.children_cache.size() - data.internal_children_front_count_cache - data.internal_children_back_count_cache = 0).
  scene/main/node.cpp:1529 - Index p_index = 0 is out of bounds ((int)data.children_cache.size() - data.internal_children_front_count_cache - data.internal_children_back_count_cache = 0).
  scene/main/node.cpp:1529 - Index p_index = 0 is out of bounds ((int)data.children_cache.size() - data.internal_children_front_count_cache - data.internal_children_back_count_cache = 0).
  scene/main/node.cpp:1529 - Index p_index = 0 is out of bounds ((int)data.children_cache.size() - data.internal_children_front_count_cache - data.internal_children_back_count_cache = 0).
  scene/main/node.cpp:1529 - Index p_index = 0 is out of bounds ((int)data.children_cache.size() - data.internal_children_front_count_cache - data.internal_children_back_count_cache = 0).
  scene/main/node.cpp:1529 - Index p_index = 0 is out of bounds ((int)data.children_cache.size() - data.internal_children_front_count_cache - data.internal_children_back_count_cache = 0).
  scene/main/node.cpp:1529 - Index p_index = 0 is out of bounds ((int)data.children_cache.size() - data.internal_children_front_count_cache - data.internal_children_back_count_cache = 0).
  scene/main/node.cpp:1529 - Index p_index = 0 is out of bounds ((int)data.children_cache.size() - data.internal_children_front_count_cache - data.internal_children_back_count_cache = 0).
  scene/main/node.cpp:1529 - Index p_index = 0 is out of bounds ((int)data.children_cache.size() - data.internal_children_front_count_cache - data.internal_children_back_count_cache = 0).
  scene/main/node.cpp:1529 - Index p_index = 0 is out of bounds ((int)data.children_cache.size() - data.internal_children_front_count_cache - data.internal_children_back_count_cache = 0).
  scene/main/node.cpp:1529 - Index p_index = 0 is out of bounds ((int)data.children_cache.size() - data.internal_children_front_count_cache - data.internal_children_back_count_cache = 0).
  scene/main/node.cpp:1529 - Index p_index = 0 is out of bounds ((int)data.children_cache.size() - data.internal_children_front_count_cache - data.internal_children_back_count_cache = 0).
  scene/main/node.cpp:1529 - Index p_index = 0 is out of bounds ((int)data.children_cache.size() - data.internal_children_front_count_cache - data.internal_children_back_count_cache = 0).
  scene/main/node.cpp:1529 - Index p_index = 0 is out of bounds ((int)data.children_cache.size() - data.internal_children_front_count_cache - data.internal_children_back_count_cache = 0).
  scene/main/node.cpp:1529 - Index p_index = 0 is out of bounds ((int)data.children_cache.size() - data.internal_children_front_count_cache - data.internal_children_back_count_cache = 0).
  scene/main/node.cpp:1529 - Index p_index = 0 is out of bounds ((int)data.children_cache.size() - data.internal_children_front_count_cache - data.internal_children_back_count_cache = 0).
  scene/main/node.cpp:1529 - Index p_index = 0 is out of bounds ((int)data.children_cache.size() - data.internal_children_front_count_cache - data.internal_children_back_count_cache = 0).
  scene/main/node.cpp:1529 - Index p_index = 0 is out of bounds ((int)data.children_cache.size() - data.internal_children_front_count_cache - data.internal_children_back_count_cache = 0).
  scene/main/node.cpp:1529 - Index p_index = 0 is out of bounds ((int)data.children_cache.size() - data.internal_children_front_count_cache - data.internal_children_back_count_cache = 0).
  scene/main/node.cpp:1529 - Index p_index = 0 is out of bounds ((int)data.children_cache.size() - data.internal_children_front_count_cache - data.internal_children_back_count_cache = 0).
  scene/main/node.cpp:1529 - Index p_index = 0 is out of bounds ((int)data.children_cache.size() - data.internal_children_front_count_cache - data.internal_children_back_count_cache = 0).
  scene/main/node.cpp:1529 - Index p_index = 0 is out of bounds ((int)data.children_cache.size() - data.internal_children_front_count_cache - data.internal_children_back_count_cache = 0).
  scene/main/node.cpp:1529 - Index p_index = 0 is out of bounds ((int)data.children_cache.size() - data.internal_children_front_count_cache - data.internal_children_back_count_cache = 0).
  scene/main/node.cpp:1529 - Index p_index = 0 is out of bounds ((int)data.children_cache.size() - data.internal_children_front_count_cache - data.internal_children_back_count_cache = 0).
  scene/main/node.cpp:1529 - Index p_index = 0 is out of bounds ((int)data.children_cache.size() - data.internal_children_front_count_cache - data.internal_children_back_count_cache = 0).
  scene/main/node.cpp:1529 - Index p_index = 0 is out of bounds ((int)data.children_cache.size() - data.internal_children_front_count_cache - data.internal_children_back_count_cache = 0).
  scene/main/node.cpp:1529 - Index p_index = 0 is out of bounds ((int)data.children_cache.size() - data.internal_children_front_count_cache - data.internal_children_back_count_cache = 0).
  scene/main/node.cpp:1529 - Index p_index = 0 is out of bounds ((int)data.children_cache.size() - data.internal_children_front_count_cache - data.internal_children_back_count_cache = 0).
  scene/main/node.cpp:1529 - Index p_index = 0 is out of bounds ((int)data.children_cache.size() - data.internal_children_front_count_cache - data.internal_children_back_count_cache = 0).
  scene/main/node.cpp:1529 - Index p_index = 0 is out of bounds ((int)data.children_cache.size() - data.internal_children_front_count_cache - data.internal_children_back_count_cache = 0).
  scene/main/node.cpp:1529 - Index p_index = 0 is out of bounds ((int)data.children_cache.size() - data.internal_children_front_count_cache - data.internal_children_back_count_cache = 0).
  scene/main/node.cpp:1529 - Index p_index = 0 is out of bounds ((int)data.children_cache.size() - data.internal_children_front_count_cache - data.internal_children_back_count_cache = 0).
  scene/main/node.cpp:1529 - Index p_index = 0 is out of bounds ((int)data.children_cache.size() - data.internal_children_front_count_cache - data.internal_children_back_count_cache = 0).
  scene/main/node.cpp:1529 - Index p_index = 0 is out of bounds ((int)data.children_cache.size() - data.internal_children_front_count_cache - data.internal_children_back_count_cache = 0).
  scene/main/node.cpp:1529 - Index p_index = 0 is out of bounds ((int)data.children_cache.size() - data.internal_children_front_count_cache - data.internal_children_back_count_cache = 0).
  scene/main/node.cpp:1529 - Index p_index = 0 is out of bounds ((int)data.children_cache.size() - data.internal_children_front_count_cache - data.internal_children_back_count_cache = 0).
  scene/main/node.cpp:1529 - Index p_index = 0 is out of bounds ((int)data.children_cache.size() - data.internal_children_front_count_cache - data.internal_children_back_count_cache = 0).
  scene/main/node.cpp:1529 - Index p_index = 0 is out of bounds ((int)data.children_cache.size() - data.internal_children_front_count_cache - data.internal_children_back_count_cache = 0).
  scene/main/node.cpp:1529 - Index p_index = 0 is out of bounds ((int)data.children_cache.size() - data.internal_children_front_count_cache - data.internal_children_back_count_cache = 0).
  scene/main/node.cpp:1529 - Index p_index = 0 is out of bounds ((int)data.children_cache.size() - data.internal_children_front_count_cache - data.internal_children_back_count_cache = 0).
  scene/main/node.cpp:1529 - Index p_index = 0 is out of bounds ((int)data.children_cache.size() - data.internal_children_front_count_cache - data.internal_children_back_count_cache = 0).
  scene/main/node.cpp:1529 - Index p_index = 0 is out of bounds ((int)data.children_cache.size() - data.internal_children_front_count_cache - data.internal_children_back_count_cache = 0).
  scene/main/node.cpp:1529 - Index p_index = 0 is out of bounds ((int)data.children_cache.size() - data.internal_children_front_count_cache - data.internal_children_back_count_cache = 0).
  scene/main/node.cpp:1529 - Index p_index = 0 is out of bounds ((int)data.children_cache.size() - data.internal_children_front_count_cache - data.internal_children_back_count_cache = 0).
  scene/main/node.cpp:1529 - Index p_index = 0 is out of bounds ((int)data.children_cache.size() - data.internal_children_front_count_cache - data.internal_children_back_count_cache = 0).
  scene/main/node.cpp:1529 - Index p_index = 0 is out of bounds ((int)data.children_cache.size() - data.internal_children_front_count_cache - data.internal_children_back_count_cache = 0).
  scene/main/node.cpp:1529 - Index p_index = 0 is out of bounds ((int)data.children_cache.size() - data.internal_children_front_count_cache - data.internal_children_back_count_cache = 0).
  scene/main/node.cpp:1529 - Index p_index = 0 is out of bounds ((int)data.children_cache.size() - data.internal_children_front_count_cache - data.internal_children_back_count_cache = 0).
  scene/main/node.cpp:1529 - Index p_index = 0 is out of bounds ((int)data.children_cache.size() - data.internal_children_front_count_cache - data.internal_children_back_count_cache = 0).
  scene/main/node.cpp:1529 - Index p_index = 0 is out of bounds ((int)data.children_cache.size() - data.internal_children_front_count_cache - data.internal_children_back_count_cache = 0).
  scene/main/node.cpp:1529 - Index p_index = 0 is out of bounds ((int)data.children_cache.size() - data.internal_children_front_count_cache - data.internal_children_back_count_cache = 0).
  scene/main/node.cpp:1529 - Index p_index = 0 is out of bounds ((int)data.children_cache.size() - data.internal_children_front_count_cache - data.internal_children_back_count_cache = 0).
  scene/main/node.cpp:1529 - Index p_index = 0 is out of bounds ((int)data.children_cache.size() - data.internal_children_front_count_cache - data.internal_children_back_count_cache = 0).
  scene/main/node.cpp:1529 - Index p_index = 0 is out of bounds ((int)data.children_cache.size() - data.internal_children_front_count_cache - data.internal_children_back_count_cache = 0).
  scene/main/node.cpp:1529 - Index p_index = 0 is out of bounds ((int)data.children_cache.size() - data.internal_children_front_count_cache - data.internal_children_back_count_cache = 0).
  scene/main/node.cpp:1529 - Index p_index = 0 is out of bounds ((int)data.children_cache.size() - data.internal_children_front_count_cache - data.internal_children_back_count_cache = 0).
  scene/main/node.cpp:1529 - Index p_index = 0 is out of bounds ((int)data.children_cache.size() - data.internal_children_front_count_cache - data.internal_children_back_count_cache = 0).
  scene/main/node.cpp:1529 - Index p_index = 0 is out of bounds ((int)data.children_cache.size() - data.internal_children_front_count_cache - data.internal_children_back_count_cache = 0).
  scene/main/node.cpp:1529 - Index p_index = 0 is out of bounds ((int)data.children_cache.size() - data.internal_children_front_count_cache - data.internal_children_back_count_cache = 0).
  scene/main/node.cpp:1529 - Index p_index = 0 is out of bounds ((int)data.children_cache.size() - data.internal_children_front_count_cache - data.internal_children_back_count_cache = 0).
  scene/main/node.cpp:1529 - Index p_index = 0 is out of bounds ((int)data.children_cache.size() - data.internal_children_front_count_cache - data.internal_children_back_count_cache = 0).
  scene/main/node.cpp:1529 - Index p_index = 0 is out of bounds ((int)data.children_cache.size() - data.internal_children_front_count_cache - data.internal_children_back_count_cache = 0).
  scene/main/node.cpp:1529 - Index p_index = 0 is out of bounds ((int)data.children_cache.size() - data.internal_children_front_count_cache - data.internal_children_back_count_cache = 0).
  scene/main/node.cpp:1529 - Index p_index = 0 is out of bounds ((int)data.children_cache.size() - data.internal_children_front_count_cache - data.internal_children_back_count_cache = 0).
  scene/main/node.cpp:1529 - Index p_index = 0 is out of bounds ((int)data.children_cache.size() - data.internal_children_front_count_cache - data.internal_children_back_count_cache = 0).
  scene/main/node.cpp:1529 - Index p_index = 0 is out of bounds ((int)data.children_cache.size() - data.internal_children_front_count_cache - data.internal_children_back_count_cache = 0).
  scene/main/node.cpp:1529 - Index p_index = 0 is out of bounds ((int)data.children_cache.size() - data.internal_children_front_count_cache - data.internal_children_back_count_cache = 0).
  scene/main/node.cpp:1529 - Index p_index = 0 is out of bounds ((int)data.children_cache.size() - data.internal_children_front_count_cache - data.internal_children_back_count_cache = 0).
  scene/main/node.cpp:1529 - Index p_index = 0 is out of bounds ((int)data.children_cache.size() - data.internal_children_front_count_cache - data.internal_children_back_count_cache = 0).
  scene/main/node.cpp:1529 - Index p_index = 0 is out of bounds ((int)data.children_cache.size() - data.internal_children_front_count_cache - data.internal_children_back_count_cache = 0).
  scene/main/node.cpp:1529 - Index p_index = 0 is out of bounds ((int)data.children_cache.size() - data.internal_children_front_count_cache - data.internal_children_back_count_cache = 0).
  scene/main/node.cpp:1529 - Index p_index = 0 is out of bounds ((int)data.children_cache.size() - data.internal_children_front_count_cache - data.internal_children_back_count_cache = 0).
  scene/main/node.cpp:1529 - Index p_index = 0 is out of bounds ((int)data.children_cache.size() - data.internal_children_front_count_cache - data.internal_children_back_count_cache = 0).
  scene/main/node.cpp:1529 - Index p_index = 0 is out of bounds ((int)data.children_cache.size() - data.internal_children_front_count_cache - data.internal_children_back_count_cache = 0).
  scene/main/node.cpp:1529 - Index p_index = 0 is out of bounds ((int)data.children_cache.size() - data.internal_children_front_count_cache - data.internal_children_back_count_cache = 0).
  scene/main/node.cpp:1529 - Index p_index = 0 is out of bounds ((int)data.children_cache.size() - data.internal_children_front_count_cache - data.internal_children_back_count_cache = 0).
  scene/main/node.cpp:1529 - Index p_index = 0 is out of bounds ((int)data.children_cache.size() - data.internal_children_front_count_cache - data.internal_children_back_count_cache = 0).
  scene/main/node.cpp:1529 - Index p_index = 0 is out of bounds ((int)data.children_cache.size() - data.internal_children_front_count_cache - data.internal_children_back_count_cache = 0).
  scene/main/node.cpp:1529 - Index p_index = 0 is out of bounds ((int)data.children_cache.size() - data.internal_children_front_count_cache - data.internal_children_back_count_cache = 0).
  scene/main/node.cpp:1529 - Index p_index = 0 is out of bounds ((int)data.children_cache.size() - data.internal_children_front_count_cache - data.internal_children_back_count_cache = 0).
  scene/main/node.cpp:1529 - Index p_index = 0 is out of bounds ((int)data.children_cache.size() - data.internal_children_front_count_cache - data.internal_children_back_count_cache = 0).
  scene/main/node.cpp:1529 - Index p_index = 0 is out of bounds ((int)data.children_cache.size() - data.internal_children_front_count_cache - data.internal_children_back_count_cache = 0).
  scene/main/node.cpp:1529 - Index p_index = 0 is out of bounds ((int)data.children_cache.size() - data.internal_children_front_count_cache - data.internal_children_back_count_cache = 0).
  scene/main/node.cpp:1529 - Index p_index = 0 is out of bounds ((int)data.children_cache.size() - data.internal_children_front_count_cache - data.internal_children_back_count_cache = 0).
  scene/main/node.cpp:1529 - Index p_index = 0 is out of bounds ((int)data.children_cache.size() - data.internal_children_front_count_cache - data.internal_children_back_count_cache = 0).
  scene/main/node.cpp:1529 - Index p_index = 0 is out of bounds ((int)data.children_cache.size() - data.internal_children_front_count_cache - data.internal_children_back_count_cache = 0).
  scene/main/node.cpp:1529 - Index p_index = 0 is out of bounds ((int)data.children_cache.size() - data.internal_children_front_count_cache - data.internal_children_back_count_cache = 0).
  scene/main/node.cpp:1529 - Index p_index = 0 is out of bounds ((int)data.children_cache.size() - data.internal_children_front_count_cache - data.internal_children_back_count_cache = 0).
  scene/main/node.cpp:1529 - Index p_index = 0 is out of bounds ((int)data.children_cache.size() - data.internal_children_front_count_cache - data.internal_children_back_count_cache = 0).
  scene/main/node.cpp:1529 - Index p_index = 0 is out of bounds ((int)data.children_cache.size() - data.internal_children_front_count_cache - data.internal_children_back_count_cache = 0).
  scene/main/node.cpp:1529 - Index p_index = 0 is out of bounds ((int)data.children_cache.size() - data.internal_children_front_count_cache - data.internal_children_back_count_cache = 0).
  scene/main/node.cpp:1529 - Index p_index = 0 is out of bounds ((int)data.children_cache.size() - data.internal_children_front_count_cache - data.internal_children_back_count_cache = 0).
  scene/main/node.cpp:1529 - Index p_index = 0 is out of bounds ((int)data.children_cache.size() - data.internal_children_front_count_cache - data.internal_children_back_count_cache = 0).
  scene/main/node.cpp:1529 - Index p_index = 0 is out of bounds ((int)data.children_cache.size() - data.internal_children_front_count_cache - data.internal_children_back_count_cache = 0).
  scene/main/node.cpp:1529 - Index p_index = 0 is out of bounds ((int)data.children_cache.size() - data.internal_children_front_count_cache - data.internal_children_back_count_cache = 0).
  scene/main/node.cpp:1529 - Index p_index = 0 is out of bounds ((int)data.children_cache.size() - data.internal_children_front_count_cache - data.internal_children_back_count_cache = 0).
  scene/main/node.cpp:1529 - Index p_index = 0 is out of bounds ((int)data.children_cache.size() - data.internal_children_front_count_cache - data.internal_children_back_count_cache = 0).
  scene/main/node.cpp:1529 - Index p_index = 0 is out of bounds ((int)data.children_cache.size() - data.internal_children_front_count_cache - data.internal_children_back_count_cache = 0).
  scene/main/node.cpp:1529 - Index p_index = 0 is out of bounds ((int)data.children_cache.size() - data.internal_children_front_count_cache - data.internal_children_back_count_cache = 0).
  scene/main/node.cpp:1529 - Index p_index = 0 is out of bounds ((int)data.children_cache.size() - data.internal_children_front_count_cache - data.internal_children_back_count_cache = 0).
  scene/main/node.cpp:1529 - Index p_index = 0 is out of bounds ((int)data.children_cache.size() - data.internal_children_front_count_cache - data.internal_children_back_count_cache = 0).
  scene/main/node.cpp:1529 - Index p_index = 0 is out of bounds ((int)data.children_cache.size() - data.internal_children_front_count_cache - data.internal_children_back_count_cache = 0).
  scene/main/node.cpp:1529 - Index p_index = 0 is out of bounds ((int)data.children_cache.size() - data.internal_children_front_count_cache - data.internal_children_back_count_cache = 0).
  scene/main/node.cpp:1529 - Index p_index = 0 is out of bounds ((int)data.children_cache.size() - data.internal_children_front_count_cache - data.internal_children_back_count_cache = 0).
  scene/main/node.cpp:1529 - Index p_index = 0 is out of bounds ((int)data.children_cache.size() - data.internal_children_front_count_cache - data.internal_children_back_count_cache = 0).
  scene/main/node.cpp:1529 - Index p_index = 0 is out of bounds ((int)data.children_cache.size() - data.internal_children_front_count_cache - data.internal_children_back_count_cache = 0).
  scene/main/node.cpp:1529 - Index p_index = 0 is out of bounds ((int)data.children_cache.size() - data.internal_children_front_count_cache - data.internal_children_back_count_cache = 0).
  scene/main/node.cpp:1529 - Index p_index = 0 is out of bounds ((int)data.children_cache.size() - data.internal_children_front_count_cache - data.internal_children_back_count_cache = 0).
  scene/main/node.cpp:1529 - Index p_index = 0 is out of bounds ((int)data.children_cache.size() - data.internal_children_front_count_cache - data.internal_children_back_count_cache = 0).
  scene/main/node.cpp:1529 - Index p_index = 0 is out of bounds ((int)data.children_cache.size() - data.internal_children_front_count_cache - data.internal_children_back_count_cache = 0).
  scene/main/node.cpp:1529 - Index p_index = 0 is out of bounds ((int)data.children_cache.size() - data.internal_children_front_count_cache - data.internal_children_back_count_cache = 0).
  scene/main/node.cpp:1529 - Index p_index = 0 is out of bounds ((int)data.children_cache.size() - data.internal_children_front_count_cache - data.internal_children_back_count_cache = 0).
  scene/main/node.cpp:1529 - Index p_index = 0 is out of bounds ((int)data.children_cache.size() - data.internal_children_front_count_cache - data.internal_children_back_count_cache = 0).
  scene/main/node.cpp:1529 - Index p_index = 0 is out of bounds ((int)data.children_cache.size() - data.internal_children_front_count_cache - data.internal_children_back_count_cache = 0).
  scene/main/node.cpp:1529 - Index p_index = 0 is out of bounds ((int)data.children_cache.size() - data.internal_children_front_count_cache - data.internal_children_back_count_cache = 0).
  scene/main/node.cpp:1529 - Index p_index = 0 is out of bounds ((int)data.children_cache.size() - data.internal_children_front_count_cache - data.internal_children_back_count_cache = 0).
  scene/main/node.cpp:1529 - Index p_index = 0 is out of bounds ((int)data.children_cache.size() - data.internal_children_front_count_cache - data.internal_children_back_count_cache = 0).
  scene/main/node.cpp:1529 - Index p_index = 0 is out of bounds ((int)data.children_cache.size() - data.internal_children_front_count_cache - data.internal_children_back_count_cache = 0).
  scene/main/node.cpp:1529 - Index p_index = 0 is out of bounds ((int)data.children_cache.size() - data.internal_children_front_count_cache - data.internal_children_back_count_cache = 0).
  scene/main/node.cpp:1529 - Index p_index = 0 is out of bounds ((int)data.children_cache.size() - data.internal_children_front_count_cache - data.internal_children_back_count_cache = 0).
  scene/main/node.cpp:1529 - Index p_index = 0 is out of bounds ((int)data.children_cache.size() - data.internal_children_front_count_cache - data.internal_children_back_count_cache = 0).
  scene/main/node.cpp:1529 - Index p_index = 0 is out of bounds ((int)data.children_cache.size() - data.internal_children_front_count_cache - data.internal_children_back_count_cache = 0).
  scene/main/node.cpp:1529 - Index p_index = 0 is out of bounds ((int)data.children_cache.size() - data.internal_children_front_count_cache - data.internal_children_back_count_cache = 0).
  scene/main/node.cpp:1529 - Index p_index = 0 is out of bounds ((int)data.children_cache.size() - data.internal_children_front_count_cache - data.internal_children_back_count_cache = 0).
  scene/main/node.cpp:1529 - Index p_index = 0 is out of bounds ((int)data.children_cache.size() - data.internal_children_front_count_cache - data.internal_children_back_count_cache = 0).
  scene/main/node.cpp:1529 - Index p_index = 0 is out of bounds ((int)data.children_cache.size() - data.internal_children_front_count_cache - data.internal_children_back_count_cache = 0).
  scene/main/node.cpp:1529 - Index p_index = 0 is out of bounds ((int)data.children_cache.size() - data.internal_children_front_count_cache - data.internal_children_back_count_cache = 0).
  scene/main/node.cpp:1529 - Index p_index = 0 is out of bounds ((int)data.children_cache.size() - data.internal_children_front_count_cache - data.internal_children_back_count_cache = 0).
  scene/main/node.cpp:1529 - Index p_index = 0 is out of bounds ((int)data.children_cache.size() - data.internal_children_front_count_cache - data.internal_children_back_count_cache = 0).
  scene/main/node.cpp:1529 - Index p_index = 0 is out of bounds ((int)data.children_cache.size() - data.internal_children_front_count_cache - data.internal_children_back_count_cache = 0).
  scene/main/node.cpp:1529 - Index p_index = 0 is out of bounds ((int)data.children_cache.size() - data.internal_children_front_count_cache - data.internal_children_back_count_cache = 0).
  scene/main/node.cpp:1529 - Index p_index = 0 is out of bounds ((int)data.children_cache.size() - data.internal_children_front_count_cache - data.internal_children_back_count_cache = 0).
  scene/main/node.cpp:1529 - Index p_index = 0 is out of bounds ((int)data.children_cache.size() - data.internal_children_front_count_cache - data.internal_children_back_count_cache = 0).
  scene/main/node.cpp:1529 - Index p_index = 0 is out of bounds ((int)data.children_cache.size() - data.internal_children_front_count_cache - data.internal_children_back_count_cache = 0).
  scene/main/node.cpp:1529 - Index p_index = 0 is out of bounds ((int)data.children_cache.size() - data.internal_children_front_count_cache - data.internal_children_back_count_cache = 0).
  scene/main/node.cpp:1529 - Index p_index = 0 is out of bounds ((int)data.children_cache.size() - data.internal_children_front_count_cache - data.internal_children_back_count_cache = 0).
  scene/main/node.cpp:1529 - Index p_index = 0 is out of bounds ((int)data.children_cache.size() - data.internal_children_front_count_cache - data.internal_children_back_count_cache = 0).
  scene/main/node.cpp:1529 - Index p_index = 0 is out of bounds ((int)data.children_cache.size() - data.internal_children_front_count_cache - data.internal_children_back_count_cache = 0).
  scene/main/node.cpp:1529 - Index p_index = 0 is out of bounds ((int)data.children_cache.size() - data.internal_children_front_count_cache - data.internal_children_back_count_cache = 0).
  scene/main/node.cpp:1529 - Index p_index = 0 is out of bounds ((int)data.children_cache.size() - data.internal_children_front_count_cache - data.internal_children_back_count_cache = 0).
  scene/main/node.cpp:1529 - Index p_index = 0 is out of bounds ((int)data.children_cache.size() - data.internal_children_front_count_cache - data.internal_children_back_count_cache = 0).
  scene/main/node.cpp:1529 - Index p_index = 0 is out of bounds ((int)data.children_cache.size() - data.internal_children_front_count_cache - data.internal_children_back_count_cache = 0).
  scene/main/node.cpp:1529 - Index p_index = 0 is out of bounds ((int)data.children_cache.size() - data.internal_children_front_count_cache - data.internal_children_back_count_cache = 0).
  scene/main/node.cpp:1529 - Index p_index = 0 is out of bounds ((int)data.children_cache.size() - data.internal_children_front_count_cache - data.internal_children_back_count_cache = 0).
  scene/main/node.cpp:1529 - Index p_index = 0 is out of bounds ((int)data.children_cache.size() - data.internal_children_front_count_cache - data.internal_children_back_count_cache = 0).
  scene/main/node.cpp:1529 - Index p_index = 0 is out of bounds ((int)data.children_cache.size() - data.internal_children_front_count_cache - data.internal_children_back_count_cache = 0).
  scene/main/node.cpp:1529 - Index p_index = 0 is out of bounds ((int)data.children_cache.size() - data.internal_children_front_count_cache - data.internal_children_back_count_cache = 0).
  scene/main/node.cpp:1529 - Index p_index = 0 is out of bounds ((int)data.children_cache.size() - data.internal_children_front_count_cache - data.internal_children_back_count_cache = 0).
  scene/main/node.cpp:1529 - Index p_index = 0 is out of bounds ((int)data.children_cache.size() - data.internal_children_front_count_cache - data.internal_children_back_count_cache = 0).
  scene/main/node.cpp:1529 - Index p_index = 0 is out of bounds ((int)data.children_cache.size() - data.internal_children_front_count_cache - data.internal_children_back_count_cache = 0).
  scene/main/node.cpp:1529 - Index p_index = 0 is out of bounds ((int)data.children_cache.size() - data.internal_children_front_count_cache - data.internal_children_back_count_cache = 0).
  scene/main/node.cpp:1529 - Index p_index = 0 is out of bounds ((int)data.children_cache.size() - data.internal_children_front_count_cache - data.internal_children_back_count_cache = 0).
  scene/main/node.cpp:1529 - Index p_index = 0 is out of bounds ((int)data.children_cache.size() - data.internal_children_front_count_cache - data.internal_children_back_count_cache = 0).
  scene/main/node.cpp:1529 - Index p_index = 0 is out of bounds ((int)data.children_cache.size() - data.internal_children_front_count_cache - data.internal_children_back_count_cache = 0).
  scene/main/node.cpp:1529 - Index p_index = 0 is out of bounds ((int)data.children_cache.size() - data.internal_children_front_count_cache - data.internal_children_back_count_cache = 0).
  scene/main/node.cpp:1529 - Index p_index = 0 is out of bounds ((int)data.children_cache.size() - data.internal_children_front_count_cache - data.internal_children_back_count_cache = 0).
  scene/main/node.cpp:1529 - Index p_index = 0 is out of bounds ((int)data.children_cache.size() - data.internal_children_front_count_cache - data.internal_children_back_count_cache = 0).
  scene/main/node.cpp:1529 - Index p_index = 0 is out of bounds ((int)data.children_cache.size() - data.internal_children_front_count_cache - data.internal_children_back_count_cache = 0).
  scene/main/node.cpp:1529 - Index p_index = 0 is out of bounds ((int)data.children_cache.size() - data.internal_children_front_count_cache - data.internal_children_back_count_cache = 0).
  scene/main/node.cpp:1529 - Index p_index = 0 is out of bounds ((int)data.children_cache.size() - data.internal_children_front_count_cache - data.internal_children_back_count_cache = 0).
  scene/main/node.cpp:1529 - Index p_index = 0 is out of bounds ((int)data.children_cache.size() - data.internal_children_front_count_cache - data.internal_children_back_count_cache = 0).
  scene/main/node.cpp:1529 - Index p_index = 0 is out of bounds ((int)data.children_cache.size() - data.internal_children_front_count_cache - data.internal_children_back_count_cache = 0).
  scene/main/node.cpp:1529 - Index p_index = 0 is out of bounds ((int)data.children_cache.size() - data.internal_children_front_count_cache - data.internal_children_back_count_cache = 0).
  scene/main/node.cpp:1529 - Index p_index = 0 is out of bounds ((int)data.children_cache.size() - data.internal_children_front_count_cache - data.internal_children_back_count_cache = 0).
  scene/main/node.cpp:1529 - Index p_index = 0 is out of bounds ((int)data.children_cache.size() - data.internal_children_front_count_cache - data.internal_children_back_count_cache = 0).
  scene/main/node.cpp:1529 - Index p_index = 0 is out of bounds ((int)data.children_cache.size() - data.internal_children_front_count_cache - data.internal_children_back_count_cache = 0).
  scene/main/node.cpp:1529 - Index p_index = 0 is out of bounds ((int)data.children_cache.size() - data.internal_children_front_count_cache - data.internal_children_back_count_cache = 0).
  scene/main/node.cpp:1529 - Index p_index = 0 is out of bounds ((int)data.children_cache.size() - data.internal_children_front_count_cache - data.internal_children_back_count_cache = 0).
  scene/main/node.cpp:1529 - Index p_index = 0 is out of bounds ((int)data.children_cache.size() - data.internal_children_front_count_cache - data.internal_children_back_count_cache = 0).
  scene/main/node.cpp:1529 - Index p_index = 0 is out of bounds ((int)data.children_cache.size() - data.internal_children_front_count_cache - data.internal_children_back_count_cache = 0).
  scene/main/node.cpp:1529 - Index p_index = 0 is out of bounds ((int)data.children_cache.size() - data.internal_children_front_count_cache - data.internal_children_back_count_cache = 0).
  scene/main/node.cpp:1529 - Index p_index = 0 is out of bounds ((int)data.children_cache.size() - data.internal_children_front_count_cache - data.internal_children_back_count_cache = 0).
  scene/main/node.cpp:1529 - Index p_index = 0 is out of bounds ((int)data.children_cache.size() - data.internal_children_front_count_cache - data.internal_children_back_count_cache = 0).
  scene/main/node.cpp:1529 - Index p_index = 0 is out of bounds ((int)data.children_cache.size() - data.internal_children_front_count_cache - data.internal_children_back_count_cache = 0).
  scene/main/node.cpp:1529 - Index p_index = 0 is out of bounds ((int)data.children_cache.size() - data.internal_children_front_count_cache - data.internal_children_back_count_cache = 0).
  scene/main/node.cpp:1529 - Index p_index = 0 is out of bounds ((int)data.children_cache.size() - data.internal_children_front_count_cache - data.internal_children_back_count_cache = 0).
  scene/main/node.cpp:1529 - Index p_index = 0 is out of bounds ((int)data.children_cache.size() - data.internal_children_front_count_cache - data.internal_children_back_count_cache = 0).
  scene/main/node.cpp:1529 - Index p_index = 0 is out of bounds ((int)data.children_cache.size() - data.internal_children_front_count_cache - data.internal_children_back_count_cache = 0).
  scene/main/node.cpp:1529 - Index p_index = 0 is out of bounds ((int)data.children_cache.size() - data.internal_children_front_count_cache - data.internal_children_back_count_cache = 0).
  scene/main/node.cpp:1529 - Index p_index = 0 is out of bounds ((int)data.children_cache.size() - data.internal_children_front_count_cache - data.internal_children_back_count_cache = 0).
  scene/main/node.cpp:1529 - Index p_index = 0 is out of bounds ((int)data.children_cache.size() - data.internal_children_front_count_cache - data.internal_children_back_count_cache = 0).
  scene/main/node.cpp:1529 - Index p_index = 0 is out of bounds ((int)data.children_cache.size() - data.internal_children_front_count_cache - data.internal_children_back_count_cache = 0).
  scene/main/node.cpp:1529 - Index p_index = 0 is out of bounds ((int)data.children_cache.size() - data.internal_children_front_count_cache - data.internal_children_back_count_cache = 0).
  scene/main/node.cpp:1529 - Index p_index = 0 is out of bounds ((int)data.children_cache.size() - data.internal_children_front_count_cache - data.internal_children_back_count_cache = 0).
  scene/main/node.cpp:1529 - Index p_index = 0 is out of bounds ((int)data.children_cache.size() - data.internal_children_front_count_cache - data.internal_children_back_count_cache = 0).
  scene/main/node.cpp:1529 - Index p_index = 0 is out of bounds ((int)data.children_cache.size() - data.internal_children_front_count_cache - data.internal_children_back_count_cache = 0).
  scene/main/node.cpp:1529 - Index p_index = 0 is out of bounds ((int)data.children_cache.size() - data.internal_children_front_count_cache - data.internal_children_back_count_cache = 0).
  scene/main/node.cpp:1529 - Index p_index = 0 is out of bounds ((int)data.children_cache.size() - data.internal_children_front_count_cache - data.internal_children_back_count_cache = 0).
  scene/main/node.cpp:1529 - Index p_index = 0 is out of bounds ((int)data.children_cache.size() - data.internal_children_front_count_cache - data.internal_children_back_count_cache = 0).
  scene/main/node.cpp:1529 - Index p_index = 0 is out of bounds ((int)data.children_cache.size() - data.internal_children_front_count_cache - data.internal_children_back_count_cache = 0).
  scene/main/node.cpp:1529 - Index p_index = 0 is out of bounds ((int)data.children_cache.size() - data.internal_children_front_count_cache - data.internal_children_back_count_cache = 0).
  scene/main/node.cpp:1529 - Index p_index = 0 is out of bounds ((int)data.children_cache.size() - data.internal_children_front_count_cache - data.internal_children_back_count_cache = 0).
  scene/main/node.cpp:1529 - Index p_index = 0 is out of bounds ((int)data.children_cache.size() - data.internal_children_front_count_cache - data.internal_children_back_count_cache = 0).
  scene/main/node.cpp:1529 - Index p_index = 0 is out of bounds ((int)data.children_cache.size() - data.internal_children_front_count_cache - data.internal_children_back_count_cache = 0).
  scene/main/node.cpp:1529 - Index p_index = 0 is out of bounds ((int)data.children_cache.size() - data.internal_children_front_count_cache - data.internal_children_back_count_cache = 0).
  scene/main/node.cpp:1529 - Index p_index = 0 is out of bounds ((int)data.children_cache.size() - data.internal_children_front_count_cache - data.internal_children_back_count_cache = 0).
  scene/main/node.cpp:1529 - Index p_index = 0 is out of bounds ((int)data.children_cache.size() - data.internal_children_front_count_cache - data.internal_children_back_count_cache = 0).
  scene/main/node.cpp:1529 - Index p_index = 0 is out of bounds ((int)data.children_cache.size() - data.internal_children_front_count_cache - data.internal_children_back_count_cache = 0).
  scene/main/node.cpp:1529 - Index p_index = 0 is out of bounds ((int)data.children_cache.size() - data.internal_children_front_count_cache - data.internal_children_back_count_cache = 0).
  scene/main/node.cpp:1529 - Index p_index = 0 is out of bounds ((int)data.children_cache.size() - data.internal_children_front_count_cache - data.internal_children_back_count_cache = 0).
  scene/main/node.cpp:1529 - Index p_index = 0 is out of bounds ((int)data.children_cache.size() - data.internal_children_front_count_cache - data.internal_children_back_count_cache = 0).
  scene/main/node.cpp:1529 - Index p_index = 0 is out of bounds ((int)data.children_cache.size() - data.internal_children_front_count_cache - data.internal_children_back_count_cache = 0).
  scene/main/node.cpp:1529 - Index p_index = 0 is out of bounds ((int)data.children_cache.size() - data.internal_children_front_count_cache - data.internal_children_back_count_cache = 0).
  scene/main/node.cpp:1529 - Index p_index = 0 is out of bounds ((int)data.children_cache.size() - data.internal_children_front_count_cache - data.internal_children_back_count_cache = 0).
  scene/main/node.cpp:1529 - Index p_index = 0 is out of bounds ((int)data.children_cache.size() - data.internal_children_front_count_cache - data.internal_children_back_count_cache = 0).
  scene/main/node.cpp:1529 - Index p_index = 0 is out of bounds ((int)data.children_cache.size() - data.internal_children_front_count_cache - data.internal_children_back_count_cache = 0).
  scene/main/node.cpp:1529 - Index p_index = 0 is out of bounds ((int)data.children_cache.size() - data.internal_children_front_count_cache - data.internal_children_back_count_cache = 0).
  scene/main/node.cpp:1529 - Index p_index = 0 is out of bounds ((int)data.children_cache.size() - data.internal_children_front_count_cache - data.internal_children_back_count_cache = 0).
  scene/main/node.cpp:1529 - Index p_index = 0 is out of bounds ((int)data.children_cache.size() - data.internal_children_front_count_cache - data.internal_children_back_count_cache = 0).
  scene/main/node.cpp:1529 - Index p_index = 0 is out of bounds ((int)data.children_cache.size() - data.internal_children_front_count_cache - data.internal_children_back_count_cache = 0).
  scene/main/node.cpp:1529 - Index p_index = 0 is out of bounds ((int)data.children_cache.size() - data.internal_children_front_count_cache - data.internal_children_back_count_cache = 0).
  scene/main/node.cpp:1529 - Index p_index = 0 is out of bounds ((int)data.children_cache.size() - data.internal_children_front_count_cache - data.internal_children_back_count_cache = 0).
  scene/main/node.cpp:1529 - Index p_index = 0 is out of bounds ((int)data.children_cache.size() - data.internal_children_front_count_cache - data.internal_children_back_count_cache = 0).
  scene/main/node.cpp:1529 - Index p_index = 0 is out of bounds ((int)data.children_cache.size() - data.internal_children_front_count_cache - data.internal_children_back_count_cache = 0).
  scene/main/node.cpp:1529 - Index p_index = 0 is out of bounds ((int)data.children_cache.size() - data.internal_children_front_count_cache - data.internal_children_back_count_cache = 0).
  scene/main/node.cpp:1529 - Index p_index = 0 is out of bounds ((int)data.children_cache.size() - data.internal_children_front_count_cache - data.internal_children_back_count_cache = 0).
  scene/main/node.cpp:1529 - Index p_index = 0 is out of bounds ((int)data.children_cache.size() - data.internal_children_front_count_cache - data.internal_children_back_count_cache = 0).
  scene/main/node.cpp:1529 - Index p_index = 0 is out of bounds ((int)data.children_cache.size() - data.internal_children_front_count_cache - data.internal_children_back_count_cache = 0).
  scene/main/node.cpp:1529 - Index p_index = 0 is out of bounds ((int)data.children_cache.size() - data.internal_children_front_count_cache - data.internal_children_back_count_cache = 0).
  scene/main/node.cpp:1529 - Index p_index = 0 is out of bounds ((int)data.children_cache.size() - data.internal_children_front_count_cache - data.internal_children_back_count_cache = 0).
  scene/main/node.cpp:1529 - Index p_index = 0 is out of bounds ((int)data.children_cache.size() - data.internal_children_front_count_cache - data.internal_children_back_count_cache = 0).
  scene/main/node.cpp:1529 - Index p_index = 0 is out of bounds ((int)data.children_cache.size() - data.internal_children_front_count_cache - data.internal_children_back_count_cache = 0).
  scene/main/node.cpp:1529 - Index p_index = 0 is out of bounds ((int)data.children_cache.size() - data.internal_children_front_count_cache - data.internal_children_back_count_cache = 0).
  scene/main/node.cpp:1529 - Index p_index = 0 is out of bounds ((int)data.children_cache.size() - data.internal_children_front_count_cache - data.internal_children_back_count_cache = 0).
  scene/main/node.cpp:1529 - Index p_index = 0 is out of bounds ((int)data.children_cache.size() - data.internal_children_front_count_cache - data.internal_children_back_count_cache = 0).
  scene/main/node.cpp:1529 - Index p_index = 0 is out of bounds ((int)data.children_cache.size() - data.internal_children_front_count_cache - data.internal_children_back_count_cache = 0).
  scene/main/node.cpp:1529 - Index p_index = 0 is out of bounds ((int)data.children_cache.size() - data.internal_children_front_count_cache - data.internal_children_back_count_cache = 0).
  scene/main/node.cpp:1529 - Index p_index = 0 is out of bounds ((int)data.children_cache.size() - data.internal_children_front_count_cache - data.internal_children_back_count_cache = 0).
  scene/main/node.cpp:1529 - Index p_index = 0 is out of bounds ((int)data.children_cache.size() - data.internal_children_front_count_cache - data.internal_children_back_count_cache = 0).
  scene/main/node.cpp:1529 - Index p_index = 0 is out of bounds ((int)data.children_cache.size() - data.internal_children_front_count_cache - data.internal_children_back_count_cache = 0).
  scene/main/node.cpp:1529 - Index p_index = 0 is out of bounds ((int)data.children_cache.size() - data.internal_children_front_count_cache - data.internal_children_back_count_cache = 0).
  scene/main/node.cpp:1529 - Index p_index = 0 is out of bounds ((int)data.children_cache.size() - data.internal_children_front_count_cache - data.internal_children_back_count_cache = 0).
  scene/main/node.cpp:1529 - Index p_index = 0 is out of bounds ((int)data.children_cache.size() - data.internal_children_front_count_cache - data.internal_children_back_count_cache = 0).
  scene/main/node.cpp:1529 - Index p_index = 0 is out of bounds ((int)data.children_cache.size() - data.internal_children_front_count_cache - data.internal_children_back_count_cache = 0).
  scene/main/node.cpp:1529 - Index p_index = 0 is out of bounds ((int)data.children_cache.size() - data.internal_children_front_count_cache - data.internal_children_back_count_cache = 0).
  scene/main/node.cpp:1529 - Index p_index = 0 is out of bounds ((int)data.children_cache.size() - data.internal_children_front_count_cache - data.internal_children_back_count_cache = 0).
  scene/main/node.cpp:1529 - Index p_index = 0 is out of bounds ((int)data.children_cache.size() - data.internal_children_front_count_cache - data.internal_children_back_count_cache = 0).
  scene/main/node.cpp:1529 - Index p_index = 0 is out of bounds ((int)data.children_cache.size() - data.internal_children_front_count_cache - data.internal_children_back_count_cache = 0).
  scene/main/node.cpp:1529 - Index p_index = 0 is out of bounds ((int)data.children_cache.size() - data.internal_children_front_count_cache - data.internal_children_back_count_cache = 0).
  scene/main/node.cpp:1529 - Index p_index = 0 is out of bounds ((int)data.children_cache.size() - data.internal_children_front_count_cache - data.internal_children_back_count_cache = 0).
  scene/main/node.cpp:1529 - Index p_index = 0 is out of bounds ((int)data.children_cache.size() - data.internal_children_front_count_cache - data.internal_children_back_count_cache = 0).
Create Node

