2024-02-18T20:31:25:INFO: { "OS": "Windows", "video_adapter_driver_info": ["NVIDIA", "31.0.15.3623"], "screen_size": (1920, 1080), "screen_dpi": 96, "screen_scale": 1, "cores": 4, "locale": "en_US" }
2024-02-18T20:31:25:INFO: [step_commands: 0]
Godot Engine v4.2.1.stable.official (c) 2007-present Juan Linietsky, Ariel Manzur & Godot Contributors.
  modules/gltf/register_types.cpp:63 - Blend file import is enabled in the project settings, but no Blender path is configured in the editor settings. Blend files will not be imported.
--- Debug adapter server started ---
--- GDScript language server started on port 6005 ---
Set title
Set is_free
Set is_free

2024-02-18T20:31:25:INFO: [step_commands: 1]
Godot Engine v4.2.1.stable.official (c) 2007-present Juan Linietsky, Ariel Manzur & Godot Contributors.
  modules/gltf/register_types.cpp:63 - Blend file import is enabled in the project settings, but no Blender path is configured in the editor settings. Blend files will not be imported.
--- Debug adapter server started ---
--- GDScript language server started on port 6005 ---
Set title
Set is_free
Set is_free

2024-02-18T20:31:26:INFO: [step_commands: 2]
Godot Engine v4.2.1.stable.official (c) 2007-present Juan Linietsky, Ariel Manzur & Godot Contributors.
  modules/gltf/register_types.cpp:63 - Blend file import is enabled in the project settings, but no Blender path is configured in the editor settings. Blend files will not be imported.
--- Debug adapter server started ---
--- GDScript language server started on port 6005 ---
Set title
Set is_free
Set is_free

2024-02-18T20:31:27:INFO: [step_commands: 3]
Godot Engine v4.2.1.stable.official (c) 2007-present Juan Linietsky, Ariel Manzur & Godot Contributors.
  modules/gltf/register_types.cpp:63 - Blend file import is enabled in the project settings, but no Blender path is configured in the editor settings. Blend files will not be imported.
--- Debug adapter server started ---
--- GDScript language server started on port 6005 ---
Set title
Set is_free
Set is_free

